<?xml version="1.0" encoding="UTF-8"?>
<!-- Generated by org.testng.reporters.JUnitReportReporter -->
<testsuite hostname="Ankits-Air" failures="0" tests="1" name="frameworkTest.frameworkTest.Tests.SubmitOrder2" time="11.705" errors="0" timestamp="2024-04-28T02:22:15 SGT" skipped="0">
  <testcase classname="frameworkTest.frameworkTest.Tests.SubmitOrder2" name="standAloneTest2" time="11.705"/>
  <system-out/>
</testsuite> <!-- frameworkTest.frameworkTest.Tests.SubmitOrder2 -->
