<?xml version="1.0" encoding="UTF-8"?>
<!-- Generated by org.testng.reporters.JUnitReportReporter -->
<testsuite hostname="Ankits-Air" failures="0" tests="1" name="frameworkTest.frameworkTest.Tests.SubmitTest" time="13.055" errors="0" timestamp="2024-04-28T02:11:10 SGT" skipped="0">
  <testcase classname="frameworkTest.frameworkTest.Tests.SubmitTest" name="submitOrder" time="13.055"/>
</testsuite> <!-- frameworkTest.frameworkTest.Tests.SubmitTest -->
